2013-08-26 21:26:17,556 INFO org.apache.hadoop.yarn.server.nodemanager.NodeManager: STARTUP_MSG: 
/************************************************************
STARTUP_MSG: Starting NodeManager
STARTUP_MSG:   host = c11node6/10.5.147.206
STARTUP_MSG:   args = []
STARTUP_MSG:   version = 2.1.0-beta
STARTUP_MSG:   classpath = /root/hadoop/hadoop-2.1.0-beta/etc/hadoop:/root/hadoop/hadoop-2.1.0-beta/etc/hadoop:/root/hadoop/hadoop-2.1.0-beta/etc/hadoop:/root/hadoop/hadoop-2.1.0-beta/share/hadoop/common/lib/stax-api-1.0.1.jar:/root/hadoop/hadoop-2.1.0-beta/share/hadoop/common/lib/jackson-xc-1.8.8.jar:/root/hadoop/hadoop-2.1.0-beta/share/hadoop/common/lib/jetty-util-6.1.26.jar:/root/hadoop/hadoop-2.1.0-beta/share/hadoop/common/lib/guava-11.0.2.jar:/root/hadoop/hadoop-2.1.0-beta/share/hadoop/common/lib/commons-io-2.1.jar:/root/hadoop/hadoop-2.1.0-beta/share/hadoop/common/lib/jaxb-impl-2.2.3-1.jar:/root/hadoop/hadoop-2.1.0-beta/share/hadoop/common/lib/xz-1.0.jar:/root/hadoop/hadoop-2.1.0-beta/share/hadoop/common/lib/activation-1.1.jar:/root/hadoop/hadoop-2.1.0-beta/share/hadoop/common/lib/zookeeper-3.4.2.jar:/root/hadoop/hadoop-2.1.0-beta/share/hadoop/common/lib/jsp-api-2.1.jar:/root/hadoop/hadoop-2.1.0-beta/share/hadoop/common/lib/jsr305-1.3.9.jar:/root/hadoop/hadoop-2.1.0-beta/share/hadoop/common/lib/commons-configuration-1.6.jar:/root/hadoop/hadoop-2.1.0-beta/share/hadoop/common/lib/commons-compress-1.4.jar:/root/hadoop/hadoop-2.1.0-beta/share/hadoop/common/lib/slf4j-api-1.6.1.jar:/root/hadoop/hadoop-2.1.0-beta/share/hadoop/common/lib/servlet-api-2.5.jar:/root/hadoop/hadoop-2.1.0-beta/share/hadoop/common/lib/jsch-0.1.42.jar:/root/hadoop/hadoop-2.1.0-beta/share/hadoop/common/lib/jetty-6.1.26.jar:/root/hadoop/hadoop-2.1.0-beta/share/hadoop/common/lib/log4j-1.2.17.jar:/root/hadoop/hadoop-2.1.0-beta/share/hadoop/common/lib/asm-3.2.jar:/root/hadoop/hadoop-2.1.0-beta/share/hadoop/common/lib/hadoop-auth-2.1.0-beta.jar:/root/hadoop/hadoop-2.1.0-beta/share/hadoop/common/lib/jersey-json-1.8.jar:/root/hadoop/hadoop-2.1.0-beta/share/hadoop/common/lib/xmlenc-0.52.jar:/root/hadoop/hadoop-2.1.0-beta/share/hadoop/common/lib/commons-codec-1.4.jar:/root/hadoop/hadoop-2.1.0-beta/share/hadoop/common/lib/hadoop-annotations-2.1.0-beta.jar:/root/hadoop/hadoop-2.1.0-beta/share/hadoop/common/lib/jersey-server-1.8.jar:/root/hadoop/hadoop-2.1.0-beta/share/hadoop/common/lib/commons-math-2.1.jar:/root/hadoop/hadoop-2.1.0-beta/share/hadoop/common/lib/jaxb-api-2.2.2.jar:/root/hadoop/hadoop-2.1.0-beta/share/hadoop/common/lib/snappy-java-1.0.3.2.jar:/root/hadoop/hadoop-2.1.0-beta/share/hadoop/common/lib/commons-beanutils-1.7.0.jar:/root/hadoop/hadoop-2.1.0-beta/share/hadoop/common/lib/commons-cli-1.2.jar:/root/hadoop/hadoop-2.1.0-beta/share/hadoop/common/lib/commons-el-1.0.jar:/root/hadoop/hadoop-2.1.0-beta/share/hadoop/common/lib/jackson-jaxrs-1.8.8.jar:/root/hadoop/hadoop-2.1.0-beta/share/hadoop/common/lib/commons-httpclient-3.1.jar:/root/hadoop/hadoop-2.1.0-beta/share/hadoop/common/lib/jets3t-0.6.1.jar:/root/hadoop/hadoop-2.1.0-beta/share/hadoop/common/lib/jasper-compiler-5.5.23.jar:/root/hadoop/hadoop-2.1.0-beta/share/hadoop/common/lib/avro-1.5.3.jar:/root/hadoop/hadoop-2.1.0-beta/share/hadoop/common/lib/commons-beanutils-core-1.8.0.jar:/root/hadoop/hadoop-2.1.0-beta/share/hadoop/common/lib/jersey-core-1.8.jar:/root/hadoop/hadoop-2.1.0-beta/share/hadoop/common/lib/slf4j-log4j12-1.6.1.jar:/root/hadoop/hadoop-2.1.0-beta/share/hadoop/common/lib/protobuf-java-2.5.0.jar:/root/hadoop/hadoop-2.1.0-beta/share/hadoop/common/lib/commons-logging-1.1.1.jar:/root/hadoop/hadoop-2.1.0-beta/share/hadoop/common/lib/commons-collections-3.2.1.jar:/root/hadoop/hadoop-2.1.0-beta/share/hadoop/common/lib/commons-net-3.1.jar:/root/hadoop/hadoop-2.1.0-beta/share/hadoop/common/lib/commons-lang-2.5.jar:/root/hadoop/hadoop-2.1.0-beta/share/hadoop/common/lib/commons-digester-1.8.jar:/root/hadoop/hadoop-2.1.0-beta/share/hadoop/common/lib/jackson-mapper-asl-1.8.8.jar:/root/hadoop/hadoop-2.1.0-beta/share/hadoop/common/lib/jackson-core-asl-1.8.8.jar:/root/hadoop/hadoop-2.1.0-beta/share/hadoop/common/lib/paranamer-2.3.jar:/root/hadoop/hadoop-2.1.0-beta/share/hadoop/common/lib/jasper-runtime-5.5.23.jar:/root/hadoop/hadoop-2.1.0-beta/share/hadoop/common/lib/jettison-1.1.jar:/root/hadoop/hadoop-2.1.0-beta/share/hadoop/common/hadoop-common-2.1.0-beta-tests.jar:/root/hadoop/hadoop-2.1.0-beta/share/hadoop/common/hadoop-common-2.1.0-beta.jar:/root/hadoop/hadoop-2.1.0-beta/share/hadoop/hdfs:/root/hadoop/hadoop-2.1.0-beta/share/hadoop/hdfs/lib/jetty-util-6.1.26.jar:/root/hadoop/hadoop-2.1.0-beta/share/hadoop/hdfs/lib/guava-11.0.2.jar:/root/hadoop/hadoop-2.1.0-beta/share/hadoop/hdfs/lib/commons-io-2.1.jar:/root/hadoop/hadoop-2.1.0-beta/share/hadoop/hdfs/lib/jsp-api-2.1.jar:/root/hadoop/hadoop-2.1.0-beta/share/hadoop/hdfs/lib/jsr305-1.3.9.jar:/root/hadoop/hadoop-2.1.0-beta/share/hadoop/hdfs/lib/servlet-api-2.5.jar:/root/hadoop/hadoop-2.1.0-beta/share/hadoop/hdfs/lib/jetty-6.1.26.jar:/root/hadoop/hadoop-2.1.0-beta/share/hadoop/hdfs/lib/log4j-1.2.17.jar:/root/hadoop/hadoop-2.1.0-beta/share/hadoop/hdfs/lib/asm-3.2.jar:/root/hadoop/hadoop-2.1.0-beta/share/hadoop/hdfs/lib/xmlenc-0.52.jar:/root/hadoop/hadoop-2.1.0-beta/share/hadoop/hdfs/lib/commons-codec-1.4.jar:/root/hadoop/hadoop-2.1.0-beta/share/hadoop/hdfs/lib/jersey-server-1.8.jar:/root/hadoop/hadoop-2.1.0-beta/share/hadoop/hdfs/lib/commons-cli-1.2.jar:/root/hadoop/hadoop-2.1.0-beta/share/hadoop/hdfs/lib/commons-el-1.0.jar:/root/hadoop/hadoop-2.1.0-beta/share/hadoop/hdfs/lib/jersey-core-1.8.jar:/root/hadoop/hadoop-2.1.0-beta/share/hadoop/hdfs/lib/protobuf-java-2.5.0.jar:/root/hadoop/hadoop-2.1.0-beta/share/hadoop/hdfs/lib/commons-logging-1.1.1.jar:/root/hadoop/hadoop-2.1.0-beta/share/hadoop/hdfs/lib/commons-daemon-1.0.13.jar:/root/hadoop/hadoop-2.1.0-beta/share/hadoop/hdfs/lib/commons-lang-2.5.jar:/root/hadoop/hadoop-2.1.0-beta/share/hadoop/hdfs/lib/jackson-mapper-asl-1.8.8.jar:/root/hadoop/hadoop-2.1.0-beta/share/hadoop/hdfs/lib/jackson-core-asl-1.8.8.jar:/root/hadoop/hadoop-2.1.0-beta/share/hadoop/hdfs/lib/jasper-runtime-5.5.23.jar:/root/hadoop/hadoop-2.1.0-beta/share/hadoop/hdfs/hadoop-hdfs-2.1.0-beta-tests.jar:/root/hadoop/hadoop-2.1.0-beta/share/hadoop/hdfs/hadoop-hdfs-2.1.0-beta.jar:/root/hadoop/hadoop-2.1.0-beta/share/hadoop/yarn/lib/guice-3.0.jar:/root/hadoop/hadoop-2.1.0-beta/share/hadoop/yarn/lib/commons-io-2.1.jar:/root/hadoop/hadoop-2.1.0-beta/share/hadoop/yarn/lib/netty-3.5.11.Final.jar:/root/hadoop/hadoop-2.1.0-beta/share/hadoop/yarn/lib/javax.inject-1.jar:/root/hadoop/hadoop-2.1.0-beta/share/hadoop/yarn/lib/jersey-guice-1.8.jar:/root/hadoop/hadoop-2.1.0-beta/share/hadoop/yarn/lib/log4j-1.2.17.jar:/root/hadoop/hadoop-2.1.0-beta/share/hadoop/yarn/lib/asm-3.2.jar:/root/hadoop/hadoop-2.1.0-beta/share/hadoop/yarn/lib/hadoop-annotations-2.1.0-beta.jar:/root/hadoop/hadoop-2.1.0-beta/share/hadoop/yarn/lib/jersey-server-1.8.jar:/root/hadoop/hadoop-2.1.0-beta/share/hadoop/yarn/lib/guice-servlet-3.0.jar:/root/hadoop/hadoop-2.1.0-beta/share/hadoop/yarn/lib/aopalliance-1.0.jar:/root/hadoop/hadoop-2.1.0-beta/share/hadoop/yarn/lib/snappy-java-1.0.3.2.jar:/root/hadoop/hadoop-2.1.0-beta/share/hadoop/yarn/lib/hamcrest-core-1.1.jar:/root/hadoop/hadoop-2.1.0-beta/share/hadoop/yarn/lib/avro-1.5.3.jar:/root/hadoop/hadoop-2.1.0-beta/share/hadoop/yarn/lib/jersey-core-1.8.jar:/root/hadoop/hadoop-2.1.0-beta/share/hadoop/yarn/lib/protobuf-java-2.5.0.jar:/root/hadoop/hadoop-2.1.0-beta/share/hadoop/yarn/lib/junit-4.10.jar:/root/hadoop/hadoop-2.1.0-beta/share/hadoop/yarn/lib/jackson-mapper-asl-1.8.8.jar:/root/hadoop/hadoop-2.1.0-beta/share/hadoop/yarn/lib/jackson-core-asl-1.8.8.jar:/root/hadoop/hadoop-2.1.0-beta/share/hadoop/yarn/lib/paranamer-2.3.jar:/root/hadoop/hadoop-2.1.0-beta/share/hadoop/yarn/hadoop-yarn-applications-distributedshell-2.1.0-beta.jar:/root/hadoop/hadoop-2.1.0-beta/share/hadoop/yarn/hadoop-yarn-server-web-proxy-2.1.0-beta.jar:/root/hadoop/hadoop-2.1.0-beta/share/hadoop/yarn/hadoop-yarn-applications-unmanaged-am-launcher-2.1.0-beta.jar:/root/hadoop/hadoop-2.1.0-beta/share/hadoop/yarn/hadoop-yarn-server-tests-2.1.0-beta.jar:/root/hadoop/hadoop-2.1.0-beta/share/hadoop/yarn/hadoop-yarn-site-2.1.0-beta.jar:/root/hadoop/hadoop-2.1.0-beta/share/hadoop/yarn/hadoop-yarn-server-common-2.1.0-beta.jar:/root/hadoop/hadoop-2.1.0-beta/share/hadoop/yarn/hadoop-yarn-api-2.1.0-beta.jar:/root/hadoop/hadoop-2.1.0-beta/share/hadoop/yarn/hadoop-yarn-client-2.1.0-beta.jar:/root/hadoop/hadoop-2.1.0-beta/share/hadoop/yarn/hadoop-yarn-server-nodemanager-2.1.0-beta.jar:/root/hadoop/hadoop-2.1.0-beta/share/hadoop/yarn/hadoop-yarn-server-resourcemanager-2.1.0-beta.jar:/root/hadoop/hadoop-2.1.0-beta/share/hadoop/yarn/hadoop-yarn-common-2.1.0-beta.jar:/root/hadoop/hadoop-2.1.0-beta/share/hadoop/mapreduce/lib/guice-3.0.jar:/root/hadoop/hadoop-2.1.0-beta/share/hadoop/mapreduce/lib/commons-io-2.1.jar:/root/hadoop/hadoop-2.1.0-beta/share/hadoop/mapreduce/lib/netty-3.5.11.Final.jar:/root/hadoop/hadoop-2.1.0-beta/share/hadoop/mapreduce/lib/javax.inject-1.jar:/root/hadoop/hadoop-2.1.0-beta/share/hadoop/mapreduce/lib/jersey-guice-1.8.jar:/root/hadoop/hadoop-2.1.0-beta/share/hadoop/mapreduce/lib/log4j-1.2.17.jar:/root/hadoop/hadoop-2.1.0-beta/share/hadoop/mapreduce/lib/asm-3.2.jar:/root/hadoop/hadoop-2.1.0-beta/share/hadoop/mapreduce/lib/hadoop-annotations-2.1.0-beta.jar:/root/hadoop/hadoop-2.1.0-beta/share/hadoop/mapreduce/lib/jersey-server-1.8.jar:/root/hadoop/hadoop-2.1.0-beta/share/hadoop/mapreduce/lib/guice-servlet-3.0.jar:/root/hadoop/hadoop-2.1.0-beta/share/hadoop/mapreduce/lib/aopalliance-1.0.jar:/root/hadoop/hadoop-2.1.0-beta/share/hadoop/mapreduce/lib/snappy-java-1.0.3.2.jar:/root/hadoop/hadoop-2.1.0-beta/share/hadoop/mapreduce/lib/hamcrest-core-1.1.jar:/root/hadoop/hadoop-2.1.0-beta/share/hadoop/mapreduce/lib/avro-1.5.3.jar:/root/hadoop/hadoop-2.1.0-beta/share/hadoop/mapreduce/lib/jersey-core-1.8.jar:/root/hadoop/hadoop-2.1.0-beta/share/hadoop/mapreduce/lib/protobuf-java-2.5.0.jar:/root/hadoop/hadoop-2.1.0-beta/share/hadoop/mapreduce/lib/junit-4.10.jar:/root/hadoop/hadoop-2.1.0-beta/share/hadoop/mapreduce/lib/jackson-mapper-asl-1.8.8.jar:/root/hadoop/hadoop-2.1.0-beta/share/hadoop/mapreduce/lib/jackson-core-asl-1.8.8.jar:/root/hadoop/hadoop-2.1.0-beta/share/hadoop/mapreduce/lib/paranamer-2.3.jar:/root/hadoop/hadoop-2.1.0-beta/share/hadoop/mapreduce/hadoop-mapreduce-client-hs-plugins-2.1.0-beta.jar:/root/hadoop/hadoop-2.1.0-beta/share/hadoop/mapreduce/hadoop-mapreduce-client-jobclient-2.1.0-beta-tests.jar:/root/hadoop/hadoop-2.1.0-beta/share/hadoop/mapreduce/hadoop-mapreduce-client-shuffle-2.1.0-beta.jar:/root/hadoop/hadoop-2.1.0-beta/share/hadoop/mapreduce/hadoop-mapreduce-client-hs-2.1.0-beta.jar:/root/hadoop/hadoop-2.1.0-beta/share/hadoop/mapreduce/hadoop-mapreduce-client-common-2.1.0-beta.jar:/root/hadoop/hadoop-2.1.0-beta/share/hadoop/mapreduce/hadoop-mapreduce-client-app-2.1.0-beta.jar:/root/hadoop/hadoop-2.1.0-beta/share/hadoop/mapreduce/hadoop-mapreduce-examples-2.1.0-beta.jar:/root/hadoop/hadoop-2.1.0-beta/share/hadoop/mapreduce/hadoop-mapreduce-client-jobclient-2.1.0-beta.jar:/root/hadoop/hadoop-2.1.0-beta/share/hadoop/mapreduce/hadoop-mapreduce-client-core-2.1.0-beta.jar:/contrib/capacity-scheduler/*.jar:/contrib/capacity-scheduler/*.jar:/root/hadoop/hadoop-2.1.0-beta/share/hadoop/yarn/hadoop-yarn-applications-distributedshell-2.1.0-beta.jar:/root/hadoop/hadoop-2.1.0-beta/share/hadoop/yarn/hadoop-yarn-server-web-proxy-2.1.0-beta.jar:/root/hadoop/hadoop-2.1.0-beta/share/hadoop/yarn/hadoop-yarn-applications-unmanaged-am-launcher-2.1.0-beta.jar:/root/hadoop/hadoop-2.1.0-beta/share/hadoop/yarn/hadoop-yarn-server-tests-2.1.0-beta.jar:/root/hadoop/hadoop-2.1.0-beta/share/hadoop/yarn/hadoop-yarn-site-2.1.0-beta.jar:/root/hadoop/hadoop-2.1.0-beta/share/hadoop/yarn/hadoop-yarn-server-common-2.1.0-beta.jar:/root/hadoop/hadoop-2.1.0-beta/share/hadoop/yarn/hadoop-yarn-api-2.1.0-beta.jar:/root/hadoop/hadoop-2.1.0-beta/share/hadoop/yarn/hadoop-yarn-client-2.1.0-beta.jar:/root/hadoop/hadoop-2.1.0-beta/share/hadoop/yarn/hadoop-yarn-server-nodemanager-2.1.0-beta.jar:/root/hadoop/hadoop-2.1.0-beta/share/hadoop/yarn/hadoop-yarn-server-resourcemanager-2.1.0-beta.jar:/root/hadoop/hadoop-2.1.0-beta/share/hadoop/yarn/hadoop-yarn-common-2.1.0-beta.jar:/root/hadoop/hadoop-2.1.0-beta/share/hadoop/yarn/lib/guice-3.0.jar:/root/hadoop/hadoop-2.1.0-beta/share/hadoop/yarn/lib/commons-io-2.1.jar:/root/hadoop/hadoop-2.1.0-beta/share/hadoop/yarn/lib/netty-3.5.11.Final.jar:/root/hadoop/hadoop-2.1.0-beta/share/hadoop/yarn/lib/javax.inject-1.jar:/root/hadoop/hadoop-2.1.0-beta/share/hadoop/yarn/lib/jersey-guice-1.8.jar:/root/hadoop/hadoop-2.1.0-beta/share/hadoop/yarn/lib/log4j-1.2.17.jar:/root/hadoop/hadoop-2.1.0-beta/share/hadoop/yarn/lib/asm-3.2.jar:/root/hadoop/hadoop-2.1.0-beta/share/hadoop/yarn/lib/hadoop-annotations-2.1.0-beta.jar:/root/hadoop/hadoop-2.1.0-beta/share/hadoop/yarn/lib/jersey-server-1.8.jar:/root/hadoop/hadoop-2.1.0-beta/share/hadoop/yarn/lib/guice-servlet-3.0.jar:/root/hadoop/hadoop-2.1.0-beta/share/hadoop/yarn/lib/aopalliance-1.0.jar:/root/hadoop/hadoop-2.1.0-beta/share/hadoop/yarn/lib/snappy-java-1.0.3.2.jar:/root/hadoop/hadoop-2.1.0-beta/share/hadoop/yarn/lib/hamcrest-core-1.1.jar:/root/hadoop/hadoop-2.1.0-beta/share/hadoop/yarn/lib/avro-1.5.3.jar:/root/hadoop/hadoop-2.1.0-beta/share/hadoop/yarn/lib/jersey-core-1.8.jar:/root/hadoop/hadoop-2.1.0-beta/share/hadoop/yarn/lib/protobuf-java-2.5.0.jar:/root/hadoop/hadoop-2.1.0-beta/share/hadoop/yarn/lib/junit-4.10.jar:/root/hadoop/hadoop-2.1.0-beta/share/hadoop/yarn/lib/jackson-mapper-asl-1.8.8.jar:/root/hadoop/hadoop-2.1.0-beta/share/hadoop/yarn/lib/jackson-core-asl-1.8.8.jar:/root/hadoop/hadoop-2.1.0-beta/share/hadoop/yarn/lib/paranamer-2.3.jar:/root/hadoop/hadoop-2.1.0-beta/etc/hadoop/nm-config/log4j.properties
STARTUP_MSG:   build = https://svn.apache.org/repos/asf/hadoop/common -r 1514472; compiled by 'hortonmu' on 2013-08-15T20:48Z
STARTUP_MSG:   java = 1.8.0-ea
************************************************************/
2013-08-26 21:26:17,564 INFO org.apache.hadoop.yarn.server.nodemanager.NodeManager: registered UNIX signal handlers for [TERM, HUP, INT]
2013-08-26 21:26:18,272 WARN org.apache.hadoop.util.NativeCodeLoader: Unable to load native-hadoop library for your platform... using builtin-java classes where applicable
2013-08-26 21:26:18,369 WARN org.apache.hadoop.conf.Configuration: mapred-default.xml:an attempt to override final parameter: mapreduce.cluster.local.dir;  Ignoring.
2013-08-26 21:26:18,369 WARN org.apache.hadoop.conf.Configuration: mapred-default.xml:an attempt to override final parameter: mapreduce.cluster.temp.dir;  Ignoring.
2013-08-26 21:26:18,429 WARN org.apache.hadoop.conf.Configuration: mapred-default.xml:an attempt to override final parameter: mapreduce.cluster.local.dir;  Ignoring.
2013-08-26 21:26:18,429 WARN org.apache.hadoop.conf.Configuration: mapred-default.xml:an attempt to override final parameter: mapreduce.cluster.temp.dir;  Ignoring.
2013-08-26 21:26:18,467 WARN org.apache.hadoop.conf.Configuration: mapred-default.xml:an attempt to override final parameter: mapreduce.cluster.local.dir;  Ignoring.
2013-08-26 21:26:18,468 WARN org.apache.hadoop.conf.Configuration: mapred-default.xml:an attempt to override final parameter: mapreduce.cluster.temp.dir;  Ignoring.
2013-08-26 21:26:18,506 WARN org.apache.hadoop.conf.Configuration: mapred-default.xml:an attempt to override final parameter: mapreduce.cluster.local.dir;  Ignoring.
2013-08-26 21:26:18,506 WARN org.apache.hadoop.conf.Configuration: mapred-default.xml:an attempt to override final parameter: mapreduce.cluster.temp.dir;  Ignoring.
2013-08-26 21:26:18,588 WARN org.apache.hadoop.conf.Configuration: mapred-default.xml:an attempt to override final parameter: mapreduce.cluster.local.dir;  Ignoring.
2013-08-26 21:26:18,588 WARN org.apache.hadoop.conf.Configuration: mapred-default.xml:an attempt to override final parameter: mapreduce.cluster.temp.dir;  Ignoring.
2013-08-26 21:26:18,646 WARN org.apache.hadoop.conf.Configuration: mapred-default.xml:an attempt to override final parameter: mapreduce.cluster.local.dir;  Ignoring.
2013-08-26 21:26:18,646 WARN org.apache.hadoop.conf.Configuration: mapred-default.xml:an attempt to override final parameter: mapreduce.cluster.temp.dir;  Ignoring.
2013-08-26 21:26:18,715 WARN org.apache.hadoop.conf.Configuration: mapred-default.xml:an attempt to override final parameter: mapreduce.cluster.local.dir;  Ignoring.
2013-08-26 21:26:18,715 WARN org.apache.hadoop.conf.Configuration: mapred-default.xml:an attempt to override final parameter: mapreduce.cluster.temp.dir;  Ignoring.
2013-08-26 21:26:18,752 WARN org.apache.hadoop.conf.Configuration: mapred-default.xml:an attempt to override final parameter: mapreduce.cluster.local.dir;  Ignoring.
2013-08-26 21:26:18,752 WARN org.apache.hadoop.conf.Configuration: mapred-default.xml:an attempt to override final parameter: mapreduce.cluster.temp.dir;  Ignoring.
2013-08-26 21:26:18,784 INFO org.apache.hadoop.yarn.event.AsyncDispatcher: Registering class org.apache.hadoop.yarn.server.nodemanager.containermanager.container.ContainerEventType for class org.apache.hadoop.yarn.server.nodemanager.containermanager.ContainerManagerImpl$ContainerEventDispatcher
2013-08-26 21:26:18,785 INFO org.apache.hadoop.yarn.event.AsyncDispatcher: Registering class org.apache.hadoop.yarn.server.nodemanager.containermanager.application.ApplicationEventType for class org.apache.hadoop.yarn.server.nodemanager.containermanager.ContainerManagerImpl$ApplicationEventDispatcher
2013-08-26 21:26:18,786 INFO org.apache.hadoop.yarn.event.AsyncDispatcher: Registering class org.apache.hadoop.yarn.server.nodemanager.containermanager.localizer.event.LocalizationEventType for class org.apache.hadoop.yarn.server.nodemanager.containermanager.localizer.ResourceLocalizationService
2013-08-26 21:26:18,787 INFO org.apache.hadoop.yarn.event.AsyncDispatcher: Registering class org.apache.hadoop.yarn.server.nodemanager.containermanager.AuxServicesEventType for class org.apache.hadoop.yarn.server.nodemanager.containermanager.AuxServices
2013-08-26 21:26:18,788 INFO org.apache.hadoop.yarn.event.AsyncDispatcher: Registering class org.apache.hadoop.yarn.server.nodemanager.containermanager.monitor.ContainersMonitorEventType for class org.apache.hadoop.yarn.server.nodemanager.containermanager.monitor.ContainersMonitorImpl
2013-08-26 21:26:18,788 INFO org.apache.hadoop.yarn.event.AsyncDispatcher: Registering class org.apache.hadoop.yarn.server.nodemanager.containermanager.launcher.ContainersLauncherEventType for class org.apache.hadoop.yarn.server.nodemanager.containermanager.launcher.ContainersLauncher
2013-08-26 21:26:18,822 INFO org.apache.hadoop.yarn.event.AsyncDispatcher: Registering class org.apache.hadoop.yarn.server.nodemanager.ContainerManagerEventType for class org.apache.hadoop.yarn.server.nodemanager.containermanager.ContainerManagerImpl
2013-08-26 21:26:18,822 INFO org.apache.hadoop.yarn.event.AsyncDispatcher: Registering class org.apache.hadoop.yarn.server.nodemanager.NodeManagerEventType for class org.apache.hadoop.yarn.server.nodemanager.NodeManager
2013-08-26 21:26:18,904 INFO org.apache.hadoop.metrics2.impl.MetricsConfig: loaded properties from hadoop-metrics2.properties
2013-08-26 21:26:18,988 INFO org.apache.hadoop.metrics2.impl.MetricsSystemImpl: Scheduled snapshot period at 10 second(s).
2013-08-26 21:26:18,988 INFO org.apache.hadoop.metrics2.impl.MetricsSystemImpl: NodeManager metrics system started
2013-08-26 21:26:19,015 INFO org.apache.hadoop.yarn.event.AsyncDispatcher: Registering class org.apache.hadoop.yarn.server.nodemanager.containermanager.loghandler.event.LogHandlerEventType for class org.apache.hadoop.yarn.server.nodemanager.containermanager.loghandler.NonAggregatingLogHandler
2013-08-26 21:26:19,015 INFO org.apache.hadoop.yarn.server.nodemanager.containermanager.localizer.ResourceLocalizationService: per directory file limit = 8192
2013-08-26 21:26:19,046 INFO org.apache.hadoop.yarn.event.AsyncDispatcher: Registering class org.apache.hadoop.yarn.server.nodemanager.containermanager.localizer.event.LocalizerEventType for class org.apache.hadoop.yarn.server.nodemanager.containermanager.localizer.ResourceLocalizationService$LocalizerTracker
2013-08-26 21:26:19,071 WARN org.apache.hadoop.yarn.server.nodemanager.containermanager.AuxServices: The Auxilurary Service named 'mapreduce.shuffle' in the configuration is for class class org.apache.hadoop.mapred.ShuffleHandler which has a name of 'httpshuffle'. Because these are not the same tools trying to send ServiceData and read Service Meta Data may have issues unless the refer to the name in the config.
2013-08-26 21:26:19,071 INFO org.apache.hadoop.yarn.server.nodemanager.containermanager.AuxServices: Adding auxiliary service httpshuffle, "mapreduce.shuffle"
2013-08-26 21:26:19,136 INFO org.apache.hadoop.yarn.server.nodemanager.containermanager.monitor.ContainersMonitorImpl:  Using ResourceCalculatorPlugin : org.apache.hadoop.yarn.util.LinuxResourceCalculatorPlugin@1d8bd0de
2013-08-26 21:26:19,136 INFO org.apache.hadoop.yarn.server.nodemanager.containermanager.monitor.ContainersMonitorImpl:  Using ResourceCalculatorProcessTree : null
2013-08-26 21:26:19,136 INFO org.apache.hadoop.yarn.server.nodemanager.containermanager.monitor.ContainersMonitorImpl: Physical memory check enabled: true
2013-08-26 21:26:19,136 INFO org.apache.hadoop.yarn.server.nodemanager.containermanager.monitor.ContainersMonitorImpl: Virtual memory check enabled: true
2013-08-26 21:26:19,143 INFO org.apache.hadoop.yarn.server.nodemanager.NodeStatusUpdaterImpl: Initialized nodemanager for null: physical-memory=10240 virtual-memory=21504 virtual-cores=8
2013-08-26 21:26:19,146 INFO org.apache.hadoop.service.AbstractService: Service org.apache.hadoop.yarn.server.nodemanager.containermanager.ContainerManagerImpl failed in state STARTED; cause: java.lang.IllegalArgumentException: Does not contain a valid host:port authority: 0.0.0.0:port (configuration property 'yarn.nodemanager.address')
java.lang.IllegalArgumentException: Does not contain a valid host:port authority: 0.0.0.0:port (configuration property 'yarn.nodemanager.address')
	at org.apache.hadoop.net.NetUtils.createSocketAddr(NetUtils.java:211)
	at org.apache.hadoop.conf.Configuration.getSocketAddr(Configuration.java:1583)
	at org.apache.hadoop.yarn.server.nodemanager.containermanager.ContainerManagerImpl.serviceStart(ContainerManagerImpl.java:243)
	at org.apache.hadoop.service.AbstractService.start(AbstractService.java:193)
	at org.apache.hadoop.service.CompositeService.serviceStart(CompositeService.java:101)
	at org.apache.hadoop.yarn.server.nodemanager.NodeManager.serviceStart(NodeManager.java:213)
	at org.apache.hadoop.service.AbstractService.start(AbstractService.java:193)
	at org.apache.hadoop.yarn.server.nodemanager.NodeManager.initAndStartNodeManager(NodeManager.java:411)
	at org.apache.hadoop.yarn.server.nodemanager.NodeManager.main(NodeManager.java:457)
2013-08-26 21:26:19,150 INFO org.apache.hadoop.service.AbstractService: Service NodeManager failed in state STARTED; cause: java.lang.IllegalArgumentException: Does not contain a valid host:port authority: 0.0.0.0:port (configuration property 'yarn.nodemanager.address')
java.lang.IllegalArgumentException: Does not contain a valid host:port authority: 0.0.0.0:port (configuration property 'yarn.nodemanager.address')
	at org.apache.hadoop.net.NetUtils.createSocketAddr(NetUtils.java:211)
	at org.apache.hadoop.conf.Configuration.getSocketAddr(Configuration.java:1583)
	at org.apache.hadoop.yarn.server.nodemanager.containermanager.ContainerManagerImpl.serviceStart(ContainerManagerImpl.java:243)
	at org.apache.hadoop.service.AbstractService.start(AbstractService.java:193)
	at org.apache.hadoop.service.CompositeService.serviceStart(CompositeService.java:101)
	at org.apache.hadoop.yarn.server.nodemanager.NodeManager.serviceStart(NodeManager.java:213)
	at org.apache.hadoop.service.AbstractService.start(AbstractService.java:193)
	at org.apache.hadoop.yarn.server.nodemanager.NodeManager.initAndStartNodeManager(NodeManager.java:411)
	at org.apache.hadoop.yarn.server.nodemanager.NodeManager.main(NodeManager.java:457)
2013-08-26 21:26:19,151 INFO org.apache.hadoop.metrics2.impl.MetricsSystemImpl: Stopping NodeManager metrics system...
2013-08-26 21:26:19,151 INFO org.apache.hadoop.metrics2.impl.MetricsSystemImpl: NodeManager metrics system stopped.
2013-08-26 21:26:19,151 INFO org.apache.hadoop.metrics2.impl.MetricsSystemImpl: NodeManager metrics system shutdown complete.
2013-08-26 21:26:19,151 FATAL org.apache.hadoop.yarn.server.nodemanager.NodeManager: Error starting NodeManager
java.lang.IllegalArgumentException: Does not contain a valid host:port authority: 0.0.0.0:port (configuration property 'yarn.nodemanager.address')
	at org.apache.hadoop.net.NetUtils.createSocketAddr(NetUtils.java:211)
	at org.apache.hadoop.conf.Configuration.getSocketAddr(Configuration.java:1583)
	at org.apache.hadoop.yarn.server.nodemanager.containermanager.ContainerManagerImpl.serviceStart(ContainerManagerImpl.java:243)
	at org.apache.hadoop.service.AbstractService.start(AbstractService.java:193)
	at org.apache.hadoop.service.CompositeService.serviceStart(CompositeService.java:101)
	at org.apache.hadoop.yarn.server.nodemanager.NodeManager.serviceStart(NodeManager.java:213)
	at org.apache.hadoop.service.AbstractService.start(AbstractService.java:193)
	at org.apache.hadoop.yarn.server.nodemanager.NodeManager.initAndStartNodeManager(NodeManager.java:411)
	at org.apache.hadoop.yarn.server.nodemanager.NodeManager.main(NodeManager.java:457)
2013-08-26 21:26:19,153 INFO org.apache.hadoop.yarn.server.nodemanager.NodeManager: SHUTDOWN_MSG: 
/************************************************************
SHUTDOWN_MSG: Shutting down NodeManager at c11node6/10.5.147.206
************************************************************/
