2013-08-26 21:26:09,975 INFO org.apache.hadoop.yarn.server.resourcemanager.ResourceManager: STARTUP_MSG: 
/************************************************************
STARTUP_MSG: Starting ResourceManager
STARTUP_MSG:   host = c11node6/10.5.147.206
STARTUP_MSG:   args = []
STARTUP_MSG:   version = 2.1.0-beta
STARTUP_MSG:   classpath = /root/hadoop/hadoop-2.1.0-beta/etc/hadoop:/root/hadoop/hadoop-2.1.0-beta/etc/hadoop:/root/hadoop/hadoop-2.1.0-beta/etc/hadoop:/root/hadoop/hadoop-2.1.0-beta/share/hadoop/common/lib/stax-api-1.0.1.jar:/root/hadoop/hadoop-2.1.0-beta/share/hadoop/common/lib/jackson-xc-1.8.8.jar:/root/hadoop/hadoop-2.1.0-beta/share/hadoop/common/lib/jetty-util-6.1.26.jar:/root/hadoop/hadoop-2.1.0-beta/share/hadoop/common/lib/guava-11.0.2.jar:/root/hadoop/hadoop-2.1.0-beta/share/hadoop/common/lib/commons-io-2.1.jar:/root/hadoop/hadoop-2.1.0-beta/share/hadoop/common/lib/jaxb-impl-2.2.3-1.jar:/root/hadoop/hadoop-2.1.0-beta/share/hadoop/common/lib/xz-1.0.jar:/root/hadoop/hadoop-2.1.0-beta/share/hadoop/common/lib/activation-1.1.jar:/root/hadoop/hadoop-2.1.0-beta/share/hadoop/common/lib/zookeeper-3.4.2.jar:/root/hadoop/hadoop-2.1.0-beta/share/hadoop/common/lib/jsp-api-2.1.jar:/root/hadoop/hadoop-2.1.0-beta/share/hadoop/common/lib/jsr305-1.3.9.jar:/root/hadoop/hadoop-2.1.0-beta/share/hadoop/common/lib/commons-configuration-1.6.jar:/root/hadoop/hadoop-2.1.0-beta/share/hadoop/common/lib/commons-compress-1.4.jar:/root/hadoop/hadoop-2.1.0-beta/share/hadoop/common/lib/slf4j-api-1.6.1.jar:/root/hadoop/hadoop-2.1.0-beta/share/hadoop/common/lib/servlet-api-2.5.jar:/root/hadoop/hadoop-2.1.0-beta/share/hadoop/common/lib/jsch-0.1.42.jar:/root/hadoop/hadoop-2.1.0-beta/share/hadoop/common/lib/jetty-6.1.26.jar:/root/hadoop/hadoop-2.1.0-beta/share/hadoop/common/lib/log4j-1.2.17.jar:/root/hadoop/hadoop-2.1.0-beta/share/hadoop/common/lib/asm-3.2.jar:/root/hadoop/hadoop-2.1.0-beta/share/hadoop/common/lib/hadoop-auth-2.1.0-beta.jar:/root/hadoop/hadoop-2.1.0-beta/share/hadoop/common/lib/jersey-json-1.8.jar:/root/hadoop/hadoop-2.1.0-beta/share/hadoop/common/lib/xmlenc-0.52.jar:/root/hadoop/hadoop-2.1.0-beta/share/hadoop/common/lib/commons-codec-1.4.jar:/root/hadoop/hadoop-2.1.0-beta/share/hadoop/common/lib/hadoop-annotations-2.1.0-beta.jar:/root/hadoop/hadoop-2.1.0-beta/share/hadoop/common/lib/jersey-server-1.8.jar:/root/hadoop/hadoop-2.1.0-beta/share/hadoop/common/lib/commons-math-2.1.jar:/root/hadoop/hadoop-2.1.0-beta/share/hadoop/common/lib/jaxb-api-2.2.2.jar:/root/hadoop/hadoop-2.1.0-beta/share/hadoop/common/lib/snappy-java-1.0.3.2.jar:/root/hadoop/hadoop-2.1.0-beta/share/hadoop/common/lib/commons-beanutils-1.7.0.jar:/root/hadoop/hadoop-2.1.0-beta/share/hadoop/common/lib/commons-cli-1.2.jar:/root/hadoop/hadoop-2.1.0-beta/share/hadoop/common/lib/commons-el-1.0.jar:/root/hadoop/hadoop-2.1.0-beta/share/hadoop/common/lib/jackson-jaxrs-1.8.8.jar:/root/hadoop/hadoop-2.1.0-beta/share/hadoop/common/lib/commons-httpclient-3.1.jar:/root/hadoop/hadoop-2.1.0-beta/share/hadoop/common/lib/jets3t-0.6.1.jar:/root/hadoop/hadoop-2.1.0-beta/share/hadoop/common/lib/jasper-compiler-5.5.23.jar:/root/hadoop/hadoop-2.1.0-beta/share/hadoop/common/lib/avro-1.5.3.jar:/root/hadoop/hadoop-2.1.0-beta/share/hadoop/common/lib/commons-beanutils-core-1.8.0.jar:/root/hadoop/hadoop-2.1.0-beta/share/hadoop/common/lib/jersey-core-1.8.jar:/root/hadoop/hadoop-2.1.0-beta/share/hadoop/common/lib/slf4j-log4j12-1.6.1.jar:/root/hadoop/hadoop-2.1.0-beta/share/hadoop/common/lib/protobuf-java-2.5.0.jar:/root/hadoop/hadoop-2.1.0-beta/share/hadoop/common/lib/commons-logging-1.1.1.jar:/root/hadoop/hadoop-2.1.0-beta/share/hadoop/common/lib/commons-collections-3.2.1.jar:/root/hadoop/hadoop-2.1.0-beta/share/hadoop/common/lib/commons-net-3.1.jar:/root/hadoop/hadoop-2.1.0-beta/share/hadoop/common/lib/commons-lang-2.5.jar:/root/hadoop/hadoop-2.1.0-beta/share/hadoop/common/lib/commons-digester-1.8.jar:/root/hadoop/hadoop-2.1.0-beta/share/hadoop/common/lib/jackson-mapper-asl-1.8.8.jar:/root/hadoop/hadoop-2.1.0-beta/share/hadoop/common/lib/jackson-core-asl-1.8.8.jar:/root/hadoop/hadoop-2.1.0-beta/share/hadoop/common/lib/paranamer-2.3.jar:/root/hadoop/hadoop-2.1.0-beta/share/hadoop/common/lib/jasper-runtime-5.5.23.jar:/root/hadoop/hadoop-2.1.0-beta/share/hadoop/common/lib/jettison-1.1.jar:/root/hadoop/hadoop-2.1.0-beta/share/hadoop/common/hadoop-common-2.1.0-beta-tests.jar:/root/hadoop/hadoop-2.1.0-beta/share/hadoop/common/hadoop-common-2.1.0-beta.jar:/root/hadoop/hadoop-2.1.0-beta/share/hadoop/hdfs:/root/hadoop/hadoop-2.1.0-beta/share/hadoop/hdfs/lib/jetty-util-6.1.26.jar:/root/hadoop/hadoop-2.1.0-beta/share/hadoop/hdfs/lib/guava-11.0.2.jar:/root/hadoop/hadoop-2.1.0-beta/share/hadoop/hdfs/lib/commons-io-2.1.jar:/root/hadoop/hadoop-2.1.0-beta/share/hadoop/hdfs/lib/jsp-api-2.1.jar:/root/hadoop/hadoop-2.1.0-beta/share/hadoop/hdfs/lib/jsr305-1.3.9.jar:/root/hadoop/hadoop-2.1.0-beta/share/hadoop/hdfs/lib/servlet-api-2.5.jar:/root/hadoop/hadoop-2.1.0-beta/share/hadoop/hdfs/lib/jetty-6.1.26.jar:/root/hadoop/hadoop-2.1.0-beta/share/hadoop/hdfs/lib/log4j-1.2.17.jar:/root/hadoop/hadoop-2.1.0-beta/share/hadoop/hdfs/lib/asm-3.2.jar:/root/hadoop/hadoop-2.1.0-beta/share/hadoop/hdfs/lib/xmlenc-0.52.jar:/root/hadoop/hadoop-2.1.0-beta/share/hadoop/hdfs/lib/commons-codec-1.4.jar:/root/hadoop/hadoop-2.1.0-beta/share/hadoop/hdfs/lib/jersey-server-1.8.jar:/root/hadoop/hadoop-2.1.0-beta/share/hadoop/hdfs/lib/commons-cli-1.2.jar:/root/hadoop/hadoop-2.1.0-beta/share/hadoop/hdfs/lib/commons-el-1.0.jar:/root/hadoop/hadoop-2.1.0-beta/share/hadoop/hdfs/lib/jersey-core-1.8.jar:/root/hadoop/hadoop-2.1.0-beta/share/hadoop/hdfs/lib/protobuf-java-2.5.0.jar:/root/hadoop/hadoop-2.1.0-beta/share/hadoop/hdfs/lib/commons-logging-1.1.1.jar:/root/hadoop/hadoop-2.1.0-beta/share/hadoop/hdfs/lib/commons-daemon-1.0.13.jar:/root/hadoop/hadoop-2.1.0-beta/share/hadoop/hdfs/lib/commons-lang-2.5.jar:/root/hadoop/hadoop-2.1.0-beta/share/hadoop/hdfs/lib/jackson-mapper-asl-1.8.8.jar:/root/hadoop/hadoop-2.1.0-beta/share/hadoop/hdfs/lib/jackson-core-asl-1.8.8.jar:/root/hadoop/hadoop-2.1.0-beta/share/hadoop/hdfs/lib/jasper-runtime-5.5.23.jar:/root/hadoop/hadoop-2.1.0-beta/share/hadoop/hdfs/hadoop-hdfs-2.1.0-beta-tests.jar:/root/hadoop/hadoop-2.1.0-beta/share/hadoop/hdfs/hadoop-hdfs-2.1.0-beta.jar:/root/hadoop/hadoop-2.1.0-beta/share/hadoop/yarn/lib/guice-3.0.jar:/root/hadoop/hadoop-2.1.0-beta/share/hadoop/yarn/lib/commons-io-2.1.jar:/root/hadoop/hadoop-2.1.0-beta/share/hadoop/yarn/lib/netty-3.5.11.Final.jar:/root/hadoop/hadoop-2.1.0-beta/share/hadoop/yarn/lib/javax.inject-1.jar:/root/hadoop/hadoop-2.1.0-beta/share/hadoop/yarn/lib/jersey-guice-1.8.jar:/root/hadoop/hadoop-2.1.0-beta/share/hadoop/yarn/lib/log4j-1.2.17.jar:/root/hadoop/hadoop-2.1.0-beta/share/hadoop/yarn/lib/asm-3.2.jar:/root/hadoop/hadoop-2.1.0-beta/share/hadoop/yarn/lib/hadoop-annotations-2.1.0-beta.jar:/root/hadoop/hadoop-2.1.0-beta/share/hadoop/yarn/lib/jersey-server-1.8.jar:/root/hadoop/hadoop-2.1.0-beta/share/hadoop/yarn/lib/guice-servlet-3.0.jar:/root/hadoop/hadoop-2.1.0-beta/share/hadoop/yarn/lib/aopalliance-1.0.jar:/root/hadoop/hadoop-2.1.0-beta/share/hadoop/yarn/lib/snappy-java-1.0.3.2.jar:/root/hadoop/hadoop-2.1.0-beta/share/hadoop/yarn/lib/hamcrest-core-1.1.jar:/root/hadoop/hadoop-2.1.0-beta/share/hadoop/yarn/lib/avro-1.5.3.jar:/root/hadoop/hadoop-2.1.0-beta/share/hadoop/yarn/lib/jersey-core-1.8.jar:/root/hadoop/hadoop-2.1.0-beta/share/hadoop/yarn/lib/protobuf-java-2.5.0.jar:/root/hadoop/hadoop-2.1.0-beta/share/hadoop/yarn/lib/junit-4.10.jar:/root/hadoop/hadoop-2.1.0-beta/share/hadoop/yarn/lib/jackson-mapper-asl-1.8.8.jar:/root/hadoop/hadoop-2.1.0-beta/share/hadoop/yarn/lib/jackson-core-asl-1.8.8.jar:/root/hadoop/hadoop-2.1.0-beta/share/hadoop/yarn/lib/paranamer-2.3.jar:/root/hadoop/hadoop-2.1.0-beta/share/hadoop/yarn/hadoop-yarn-applications-distributedshell-2.1.0-beta.jar:/root/hadoop/hadoop-2.1.0-beta/share/hadoop/yarn/hadoop-yarn-server-web-proxy-2.1.0-beta.jar:/root/hadoop/hadoop-2.1.0-beta/share/hadoop/yarn/hadoop-yarn-applications-unmanaged-am-launcher-2.1.0-beta.jar:/root/hadoop/hadoop-2.1.0-beta/share/hadoop/yarn/hadoop-yarn-server-tests-2.1.0-beta.jar:/root/hadoop/hadoop-2.1.0-beta/share/hadoop/yarn/hadoop-yarn-site-2.1.0-beta.jar:/root/hadoop/hadoop-2.1.0-beta/share/hadoop/yarn/hadoop-yarn-server-common-2.1.0-beta.jar:/root/hadoop/hadoop-2.1.0-beta/share/hadoop/yarn/hadoop-yarn-api-2.1.0-beta.jar:/root/hadoop/hadoop-2.1.0-beta/share/hadoop/yarn/hadoop-yarn-client-2.1.0-beta.jar:/root/hadoop/hadoop-2.1.0-beta/share/hadoop/yarn/hadoop-yarn-server-nodemanager-2.1.0-beta.jar:/root/hadoop/hadoop-2.1.0-beta/share/hadoop/yarn/hadoop-yarn-server-resourcemanager-2.1.0-beta.jar:/root/hadoop/hadoop-2.1.0-beta/share/hadoop/yarn/hadoop-yarn-common-2.1.0-beta.jar:/root/hadoop/hadoop-2.1.0-beta/share/hadoop/mapreduce/lib/guice-3.0.jar:/root/hadoop/hadoop-2.1.0-beta/share/hadoop/mapreduce/lib/commons-io-2.1.jar:/root/hadoop/hadoop-2.1.0-beta/share/hadoop/mapreduce/lib/netty-3.5.11.Final.jar:/root/hadoop/hadoop-2.1.0-beta/share/hadoop/mapreduce/lib/javax.inject-1.jar:/root/hadoop/hadoop-2.1.0-beta/share/hadoop/mapreduce/lib/jersey-guice-1.8.jar:/root/hadoop/hadoop-2.1.0-beta/share/hadoop/mapreduce/lib/log4j-1.2.17.jar:/root/hadoop/hadoop-2.1.0-beta/share/hadoop/mapreduce/lib/asm-3.2.jar:/root/hadoop/hadoop-2.1.0-beta/share/hadoop/mapreduce/lib/hadoop-annotations-2.1.0-beta.jar:/root/hadoop/hadoop-2.1.0-beta/share/hadoop/mapreduce/lib/jersey-server-1.8.jar:/root/hadoop/hadoop-2.1.0-beta/share/hadoop/mapreduce/lib/guice-servlet-3.0.jar:/root/hadoop/hadoop-2.1.0-beta/share/hadoop/mapreduce/lib/aopalliance-1.0.jar:/root/hadoop/hadoop-2.1.0-beta/share/hadoop/mapreduce/lib/snappy-java-1.0.3.2.jar:/root/hadoop/hadoop-2.1.0-beta/share/hadoop/mapreduce/lib/hamcrest-core-1.1.jar:/root/hadoop/hadoop-2.1.0-beta/share/hadoop/mapreduce/lib/avro-1.5.3.jar:/root/hadoop/hadoop-2.1.0-beta/share/hadoop/mapreduce/lib/jersey-core-1.8.jar:/root/hadoop/hadoop-2.1.0-beta/share/hadoop/mapreduce/lib/protobuf-java-2.5.0.jar:/root/hadoop/hadoop-2.1.0-beta/share/hadoop/mapreduce/lib/junit-4.10.jar:/root/hadoop/hadoop-2.1.0-beta/share/hadoop/mapreduce/lib/jackson-mapper-asl-1.8.8.jar:/root/hadoop/hadoop-2.1.0-beta/share/hadoop/mapreduce/lib/jackson-core-asl-1.8.8.jar:/root/hadoop/hadoop-2.1.0-beta/share/hadoop/mapreduce/lib/paranamer-2.3.jar:/root/hadoop/hadoop-2.1.0-beta/share/hadoop/mapreduce/hadoop-mapreduce-client-hs-plugins-2.1.0-beta.jar:/root/hadoop/hadoop-2.1.0-beta/share/hadoop/mapreduce/hadoop-mapreduce-client-jobclient-2.1.0-beta-tests.jar:/root/hadoop/hadoop-2.1.0-beta/share/hadoop/mapreduce/hadoop-mapreduce-client-shuffle-2.1.0-beta.jar:/root/hadoop/hadoop-2.1.0-beta/share/hadoop/mapreduce/hadoop-mapreduce-client-hs-2.1.0-beta.jar:/root/hadoop/hadoop-2.1.0-beta/share/hadoop/mapreduce/hadoop-mapreduce-client-common-2.1.0-beta.jar:/root/hadoop/hadoop-2.1.0-beta/share/hadoop/mapreduce/hadoop-mapreduce-client-app-2.1.0-beta.jar:/root/hadoop/hadoop-2.1.0-beta/share/hadoop/mapreduce/hadoop-mapreduce-examples-2.1.0-beta.jar:/root/hadoop/hadoop-2.1.0-beta/share/hadoop/mapreduce/hadoop-mapreduce-client-jobclient-2.1.0-beta.jar:/root/hadoop/hadoop-2.1.0-beta/share/hadoop/mapreduce/hadoop-mapreduce-client-core-2.1.0-beta.jar:/contrib/capacity-scheduler/*.jar:/contrib/capacity-scheduler/*.jar:/root/hadoop/hadoop-2.1.0-beta/share/hadoop/yarn/hadoop-yarn-applications-distributedshell-2.1.0-beta.jar:/root/hadoop/hadoop-2.1.0-beta/share/hadoop/yarn/hadoop-yarn-server-web-proxy-2.1.0-beta.jar:/root/hadoop/hadoop-2.1.0-beta/share/hadoop/yarn/hadoop-yarn-applications-unmanaged-am-launcher-2.1.0-beta.jar:/root/hadoop/hadoop-2.1.0-beta/share/hadoop/yarn/hadoop-yarn-server-tests-2.1.0-beta.jar:/root/hadoop/hadoop-2.1.0-beta/share/hadoop/yarn/hadoop-yarn-site-2.1.0-beta.jar:/root/hadoop/hadoop-2.1.0-beta/share/hadoop/yarn/hadoop-yarn-server-common-2.1.0-beta.jar:/root/hadoop/hadoop-2.1.0-beta/share/hadoop/yarn/hadoop-yarn-api-2.1.0-beta.jar:/root/hadoop/hadoop-2.1.0-beta/share/hadoop/yarn/hadoop-yarn-client-2.1.0-beta.jar:/root/hadoop/hadoop-2.1.0-beta/share/hadoop/yarn/hadoop-yarn-server-nodemanager-2.1.0-beta.jar:/root/hadoop/hadoop-2.1.0-beta/share/hadoop/yarn/hadoop-yarn-server-resourcemanager-2.1.0-beta.jar:/root/hadoop/hadoop-2.1.0-beta/share/hadoop/yarn/hadoop-yarn-common-2.1.0-beta.jar:/root/hadoop/hadoop-2.1.0-beta/share/hadoop/yarn/lib/guice-3.0.jar:/root/hadoop/hadoop-2.1.0-beta/share/hadoop/yarn/lib/commons-io-2.1.jar:/root/hadoop/hadoop-2.1.0-beta/share/hadoop/yarn/lib/netty-3.5.11.Final.jar:/root/hadoop/hadoop-2.1.0-beta/share/hadoop/yarn/lib/javax.inject-1.jar:/root/hadoop/hadoop-2.1.0-beta/share/hadoop/yarn/lib/jersey-guice-1.8.jar:/root/hadoop/hadoop-2.1.0-beta/share/hadoop/yarn/lib/log4j-1.2.17.jar:/root/hadoop/hadoop-2.1.0-beta/share/hadoop/yarn/lib/asm-3.2.jar:/root/hadoop/hadoop-2.1.0-beta/share/hadoop/yarn/lib/hadoop-annotations-2.1.0-beta.jar:/root/hadoop/hadoop-2.1.0-beta/share/hadoop/yarn/lib/jersey-server-1.8.jar:/root/hadoop/hadoop-2.1.0-beta/share/hadoop/yarn/lib/guice-servlet-3.0.jar:/root/hadoop/hadoop-2.1.0-beta/share/hadoop/yarn/lib/aopalliance-1.0.jar:/root/hadoop/hadoop-2.1.0-beta/share/hadoop/yarn/lib/snappy-java-1.0.3.2.jar:/root/hadoop/hadoop-2.1.0-beta/share/hadoop/yarn/lib/hamcrest-core-1.1.jar:/root/hadoop/hadoop-2.1.0-beta/share/hadoop/yarn/lib/avro-1.5.3.jar:/root/hadoop/hadoop-2.1.0-beta/share/hadoop/yarn/lib/jersey-core-1.8.jar:/root/hadoop/hadoop-2.1.0-beta/share/hadoop/yarn/lib/protobuf-java-2.5.0.jar:/root/hadoop/hadoop-2.1.0-beta/share/hadoop/yarn/lib/junit-4.10.jar:/root/hadoop/hadoop-2.1.0-beta/share/hadoop/yarn/lib/jackson-mapper-asl-1.8.8.jar:/root/hadoop/hadoop-2.1.0-beta/share/hadoop/yarn/lib/jackson-core-asl-1.8.8.jar:/root/hadoop/hadoop-2.1.0-beta/share/hadoop/yarn/lib/paranamer-2.3.jar:/root/hadoop/hadoop-2.1.0-beta/etc/hadoop/rm-config/log4j.properties
STARTUP_MSG:   build = https://svn.apache.org/repos/asf/hadoop/common -r 1514472; compiled by 'hortonmu' on 2013-08-15T20:48Z
STARTUP_MSG:   java = 1.8.0-ea
************************************************************/
2013-08-26 21:26:09,983 INFO org.apache.hadoop.yarn.server.resourcemanager.ResourceManager: registered UNIX signal handlers for [TERM, HUP, INT]
2013-08-26 21:26:10,445 INFO org.apache.hadoop.yarn.server.resourcemanager.security.AMRMTokenSecretManager: Rolling master-key for amrm-tokens
2013-08-26 21:26:10,461 INFO org.apache.hadoop.yarn.server.resourcemanager.security.RMContainerTokenSecretManager: ContainerTokenKeyRollingInterval: 86400000ms and ContainerTokenKeyActivationDelay: 900000ms
2013-08-26 21:26:10,466 INFO org.apache.hadoop.yarn.server.resourcemanager.security.NMTokenSecretManagerInRM: NMTokenKeyRollingInterval: 86400000ms and NMTokenKeyActivationDelay: 900000ms
2013-08-26 21:26:10,476 INFO org.apache.hadoop.yarn.event.AsyncDispatcher: Registering class org.apache.hadoop.yarn.server.resourcemanager.recovery.RMStateStoreEventType for class org.apache.hadoop.yarn.server.resourcemanager.recovery.RMStateStore$ForwardingEventHandler
2013-08-26 21:26:10,480 INFO org.apache.hadoop.yarn.event.AsyncDispatcher: Registering class org.apache.hadoop.yarn.server.resourcemanager.NodesListManagerEventType for class org.apache.hadoop.yarn.server.resourcemanager.NodesListManager
2013-08-26 21:26:10,480 INFO org.apache.hadoop.yarn.server.resourcemanager.ResourceManager: Using Scheduler: org.apache.hadoop.yarn.server.resourcemanager.scheduler.capacity.CapacityScheduler
2013-08-26 21:26:10,631 INFO org.apache.hadoop.yarn.event.AsyncDispatcher: Registering class org.apache.hadoop.yarn.server.resourcemanager.scheduler.event.SchedulerEventType for class org.apache.hadoop.yarn.server.resourcemanager.ResourceManager$SchedulerEventDispatcher
2013-08-26 21:26:10,632 INFO org.apache.hadoop.yarn.event.AsyncDispatcher: Registering class org.apache.hadoop.yarn.server.resourcemanager.rmapp.RMAppEventType for class org.apache.hadoop.yarn.server.resourcemanager.ResourceManager$ApplicationEventDispatcher
2013-08-26 21:26:10,634 INFO org.apache.hadoop.yarn.event.AsyncDispatcher: Registering class org.apache.hadoop.yarn.server.resourcemanager.rmapp.attempt.RMAppAttemptEventType for class org.apache.hadoop.yarn.server.resourcemanager.ResourceManager$ApplicationAttemptEventDispatcher
2013-08-26 21:26:10,635 INFO org.apache.hadoop.yarn.event.AsyncDispatcher: Registering class org.apache.hadoop.yarn.server.resourcemanager.rmnode.RMNodeEventType for class org.apache.hadoop.yarn.server.resourcemanager.ResourceManager$NodeEventDispatcher
2013-08-26 21:26:10,711 WARN org.apache.hadoop.conf.Configuration: mapred-default.xml:an attempt to override final parameter: mapreduce.cluster.local.dir;  Ignoring.
2013-08-26 21:26:10,711 WARN org.apache.hadoop.conf.Configuration: mapred-default.xml:an attempt to override final parameter: mapreduce.cluster.temp.dir;  Ignoring.
2013-08-26 21:26:10,864 INFO org.apache.hadoop.metrics2.impl.MetricsConfig: loaded properties from hadoop-metrics2.properties
2013-08-26 21:26:10,981 INFO org.apache.hadoop.metrics2.impl.MetricsSystemImpl: Scheduled snapshot period at 10 second(s).
2013-08-26 21:26:10,981 INFO org.apache.hadoop.metrics2.impl.MetricsSystemImpl: ResourceManager metrics system started
2013-08-26 21:26:11,037 WARN org.apache.hadoop.conf.Configuration: mapred-default.xml:an attempt to override final parameter: mapreduce.cluster.local.dir;  Ignoring.
2013-08-26 21:26:11,037 WARN org.apache.hadoop.conf.Configuration: mapred-default.xml:an attempt to override final parameter: mapreduce.cluster.temp.dir;  Ignoring.
2013-08-26 21:26:11,092 WARN org.apache.hadoop.conf.Configuration: mapred-default.xml:an attempt to override final parameter: mapreduce.cluster.local.dir;  Ignoring.
2013-08-26 21:26:11,092 WARN org.apache.hadoop.conf.Configuration: mapred-default.xml:an attempt to override final parameter: mapreduce.cluster.temp.dir;  Ignoring.
2013-08-26 21:26:11,149 WARN org.apache.hadoop.conf.Configuration: mapred-default.xml:an attempt to override final parameter: mapreduce.cluster.local.dir;  Ignoring.
2013-08-26 21:26:11,149 WARN org.apache.hadoop.conf.Configuration: mapred-default.xml:an attempt to override final parameter: mapreduce.cluster.temp.dir;  Ignoring.
2013-08-26 21:26:11,157 WARN org.apache.hadoop.util.NativeCodeLoader: Unable to load native-hadoop library for your platform... using builtin-java classes where applicable
2013-08-26 21:26:11,174 INFO org.apache.hadoop.yarn.server.resourcemanager.scheduler.capacity.ParentQueue: root, capacity=1.0, asboluteCapacity=1.0, maxCapacity=1.0, asboluteMaxCapacity=1.0, state=RUNNING, acls=SUBMIT_APPLICATIONS:*ADMINISTER_QUEUE:*
2013-08-26 21:26:11,174 INFO org.apache.hadoop.yarn.server.resourcemanager.scheduler.capacity.ParentQueue: Initialized parent-queue root name=root, fullname=root
2013-08-26 21:26:11,187 INFO org.apache.hadoop.yarn.server.resourcemanager.scheduler.capacity.LeafQueue: Initializing default
capacity = 1.0 [= (float) configuredCapacity / 100 ]
asboluteCapacity = 1.0 [= parentAbsoluteCapacity * capacity ]
maxCapacity = 1.0 [= configuredMaxCapacity ]
absoluteMaxCapacity = 1.0 [= 1.0 maximumCapacity undefined, (parentAbsoluteMaxCapacity * maximumCapacity) / 100 otherwise ]
userLimit = 100 [= configuredUserLimit ]
userLimitFactor = 1.0 [= configuredUserLimitFactor ]
maxApplications = 10000 [= configuredMaximumSystemApplicationsPerQueue or (int)(configuredMaximumSystemApplications * absoluteCapacity)]
maxApplicationsPerUser = 10000 [= (int)(maxApplications * (userLimit / 100.0f) * userLimitFactor) ]
maxActiveApplications = 1 [= max((int)ceil((clusterResourceMemory / minimumAllocation) * maxAMResourcePerQueuePercent * absoluteMaxCapacity),1) ]
maxActiveAppsUsingAbsCap = 1 [= max((int)ceil((clusterResourceMemory / minimumAllocation) *maxAMResourcePercent * absoluteCapacity),1) ]
maxActiveApplicationsPerUser = 1 [= max((int)(maxActiveApplications * (userLimit / 100.0f) * userLimitFactor),1) ]
usedCapacity = 0.0 [= usedResourcesMemory / (clusterResourceMemory * absoluteCapacity)]
absoluteUsedCapacity = 0.0 [= usedResourcesMemory / clusterResourceMemory]
maxAMResourcePerQueuePercent = 0.1 [= configuredMaximumAMResourcePercent ]
minimumAllocationFactor = 0.875 [= (float)(maximumAllocationMemory - minimumAllocationMemory) / maximumAllocationMemory ]
numContainers = 0 [= currentNumContainers ]
state = RUNNING [= configuredState ]
acls = SUBMIT_APPLICATIONS:*ADMINISTER_QUEUE:* [= configuredAcls ]
nodeLocalityDelay = 0

2013-08-26 21:26:11,187 INFO org.apache.hadoop.yarn.server.resourcemanager.scheduler.capacity.CapacityScheduler: Initialized queue: default: capacity=1.0, absoluteCapacity=1.0, usedResources=<memory:0, vCores:0>usedCapacity=0.0, absoluteUsedCapacity=0.0, numApps=0, numContainers=0
2013-08-26 21:26:11,187 INFO org.apache.hadoop.yarn.server.resourcemanager.scheduler.capacity.CapacityScheduler: Initialized queue: root: numChildQueue= 1, capacity=1.0, absoluteCapacity=1.0, usedResources=<memory:0, vCores:0>usedCapacity=0.0, numApps=0, numContainers=0
2013-08-26 21:26:11,187 INFO org.apache.hadoop.yarn.server.resourcemanager.scheduler.capacity.CapacityScheduler: Initialized root queue root: numChildQueue= 1, capacity=1.0, absoluteCapacity=1.0, usedResources=<memory:0, vCores:0>usedCapacity=0.0, numApps=0, numContainers=0
2013-08-26 21:26:11,188 INFO org.apache.hadoop.yarn.server.resourcemanager.scheduler.capacity.CapacityScheduler: Initialized CapacityScheduler with calculator=class org.apache.hadoop.yarn.util.resource.DefaultResourceCalculator, minimumAllocation=<<memory:1024, vCores:1>>, maximumAllocation=<<memory:8192, vCores:32>>
2013-08-26 21:26:11,307 WARN org.apache.hadoop.conf.Configuration: mapred-default.xml:an attempt to override final parameter: mapreduce.cluster.local.dir;  Ignoring.
2013-08-26 21:26:11,308 WARN org.apache.hadoop.conf.Configuration: mapred-default.xml:an attempt to override final parameter: mapreduce.cluster.temp.dir;  Ignoring.
2013-08-26 21:26:11,341 WARN org.apache.hadoop.conf.Configuration: mapred-default.xml:an attempt to override final parameter: mapreduce.cluster.local.dir;  Ignoring.
2013-08-26 21:26:11,342 WARN org.apache.hadoop.conf.Configuration: mapred-default.xml:an attempt to override final parameter: mapreduce.cluster.temp.dir;  Ignoring.
2013-08-26 21:26:11,374 WARN org.apache.hadoop.conf.Configuration: mapred-default.xml:an attempt to override final parameter: mapreduce.cluster.local.dir;  Ignoring.
2013-08-26 21:26:11,375 WARN org.apache.hadoop.conf.Configuration: mapred-default.xml:an attempt to override final parameter: mapreduce.cluster.temp.dir;  Ignoring.
2013-08-26 21:26:11,429 INFO org.apache.hadoop.yarn.event.AsyncDispatcher: Registering class org.apache.hadoop.yarn.server.resourcemanager.RMAppManagerEventType for class org.apache.hadoop.yarn.server.resourcemanager.RMAppManager
2013-08-26 21:26:11,439 INFO org.apache.hadoop.yarn.event.AsyncDispatcher: Registering class org.apache.hadoop.yarn.server.resourcemanager.amlauncher.AMLauncherEventType for class org.apache.hadoop.yarn.server.resourcemanager.amlauncher.ApplicationMasterLauncher
2013-08-26 21:26:11,442 INFO org.apache.hadoop.yarn.server.resourcemanager.RMNMInfo: Registered RMNMInfo MBean
2013-08-26 21:26:11,443 INFO org.apache.hadoop.util.HostsFileReader: Refreshing hosts (include/exclude) list
2013-08-26 21:26:11,444 INFO org.apache.hadoop.service.AbstractService: Service org.apache.hadoop.yarn.server.resourcemanager.ResourceTrackerService failed in state INITED; cause: java.lang.IllegalArgumentException: Does not contain a valid host:port authority: host:port (configuration property 'yarn.resourcemanager.resource-tracker.address')
java.lang.IllegalArgumentException: Does not contain a valid host:port authority: host:port (configuration property 'yarn.resourcemanager.resource-tracker.address')
	at org.apache.hadoop.net.NetUtils.createSocketAddr(NetUtils.java:211)
	at org.apache.hadoop.conf.Configuration.getSocketAddr(Configuration.java:1583)
	at org.apache.hadoop.yarn.server.resourcemanager.ResourceTrackerService.serviceInit(ResourceTrackerService.java:106)
	at org.apache.hadoop.service.AbstractService.init(AbstractService.java:163)
	at org.apache.hadoop.service.CompositeService.serviceInit(CompositeService.java:88)
	at org.apache.hadoop.yarn.server.resourcemanager.ResourceManager.serviceInit(ResourceManager.java:273)
	at org.apache.hadoop.service.AbstractService.init(AbstractService.java:163)
	at org.apache.hadoop.yarn.server.resourcemanager.ResourceManager.main(ResourceManager.java:826)
2013-08-26 21:26:11,447 INFO org.apache.hadoop.service.AbstractService: Service ResourceManager failed in state INITED; cause: java.lang.IllegalArgumentException: Does not contain a valid host:port authority: host:port (configuration property 'yarn.resourcemanager.resource-tracker.address')
java.lang.IllegalArgumentException: Does not contain a valid host:port authority: host:port (configuration property 'yarn.resourcemanager.resource-tracker.address')
	at org.apache.hadoop.net.NetUtils.createSocketAddr(NetUtils.java:211)
	at org.apache.hadoop.conf.Configuration.getSocketAddr(Configuration.java:1583)
	at org.apache.hadoop.yarn.server.resourcemanager.ResourceTrackerService.serviceInit(ResourceTrackerService.java:106)
	at org.apache.hadoop.service.AbstractService.init(AbstractService.java:163)
	at org.apache.hadoop.service.CompositeService.serviceInit(CompositeService.java:88)
	at org.apache.hadoop.yarn.server.resourcemanager.ResourceManager.serviceInit(ResourceManager.java:273)
	at org.apache.hadoop.service.AbstractService.init(AbstractService.java:163)
	at org.apache.hadoop.yarn.server.resourcemanager.ResourceManager.main(ResourceManager.java:826)
2013-08-26 21:26:11,447 INFO org.apache.hadoop.metrics2.impl.MetricsSystemImpl: Stopping ResourceManager metrics system...
2013-08-26 21:26:11,448 INFO org.apache.hadoop.metrics2.impl.MetricsSystemImpl: ResourceManager metrics system stopped.
2013-08-26 21:26:11,448 INFO org.apache.hadoop.metrics2.impl.MetricsSystemImpl: ResourceManager metrics system shutdown complete.
2013-08-26 21:26:11,448 FATAL org.apache.hadoop.yarn.server.resourcemanager.ResourceManager: Error starting ResourceManager
java.lang.IllegalArgumentException: Does not contain a valid host:port authority: host:port (configuration property 'yarn.resourcemanager.resource-tracker.address')
	at org.apache.hadoop.net.NetUtils.createSocketAddr(NetUtils.java:211)
	at org.apache.hadoop.conf.Configuration.getSocketAddr(Configuration.java:1583)
	at org.apache.hadoop.yarn.server.resourcemanager.ResourceTrackerService.serviceInit(ResourceTrackerService.java:106)
	at org.apache.hadoop.service.AbstractService.init(AbstractService.java:163)
	at org.apache.hadoop.service.CompositeService.serviceInit(CompositeService.java:88)
	at org.apache.hadoop.yarn.server.resourcemanager.ResourceManager.serviceInit(ResourceManager.java:273)
	at org.apache.hadoop.service.AbstractService.init(AbstractService.java:163)
	at org.apache.hadoop.yarn.server.resourcemanager.ResourceManager.main(ResourceManager.java:826)
2013-08-26 21:26:11,450 INFO org.apache.hadoop.yarn.server.resourcemanager.ResourceManager: SHUTDOWN_MSG: 
/************************************************************
SHUTDOWN_MSG: Shutting down ResourceManager at c11node6/10.5.147.206
************************************************************/
